[ADMIN]: JaTochNietDan (3)ran command: !kick
[ADMIN]: JaTochNietDan (3)ran command: !kick
[ADMIN]: JaTochNietDan (3)ran command: !ban
[ADMIN]: JaTochNietDan (3)ran command: !unban
[ADMIN]: JaTochNietDan (4)ran command: !kick
[ADMIN]: JaTochNietDan (4)ran command: !kick
[ADMIN]: JaTochNietDan (4)ran command: !setlevel JaTochNietDan 0
[ADMIN]: JaTochNietDan (4)ran command: !kick JaTochNietDan
[ADMIN]: JaTochNietDan (4)ran command: !kick
[ADMIN]: JaTochNietDan (4)ran command: !setlevel JaTochNietDan 0
[ADMIN]: JaTochNietDan (4)ran command: !restartmap
[ADMIN]: JaTochNietDan (4)ran command: !addbots 10
[ADMIN]: JaTochNietDan (4)ran command: !killbots
[ADMIN]: JaTochNietDan (4)ran command: !restartmap
[ADMIN]: JaTochNietDan (4)ran command: !restartmap
[ADMIN]: JaTochNietDan (4)ran command: !changemap CNC-Field
[ADMIN]: JaTochNietDan (4)ran command: !addbots 1
[ADMIN]: JaTochNietDan (4)ran command: !killbots
[ADMIN]: JaTochNietDan (4)ran command: !addbots 20
[ADMIN]: JaTochNietDan (4)ran command: !addbots 10
[ADMIN]: JaTochNietDan (4)ran command: !addbots 10
